<?xml version="1.0" encoding="UTF-8"?>
<!-- Generated by org.testng.reporters.JUnitXMLReporter -->
<testsuite ignored="9" hostname="mukas-PC" failures="0" tests="16" name="regression" time="81.287" errors="0" timestamp="2022-02-01T13:09:56 EET">
  <testcase classname="login.AdminLoginLogout" name="unsuccessfulLogin" time="1.013"/>
  <testcase classname="adminTests.CreateAndDeleteNewUser" name="successfullyCreateAndDeleteNewAdmin" time="2.487"/>
  <testcase classname="adminTests.CreateAndDeleteNewUser" name="successfullyCreateAndDeleteNewKindergartenSpecialist" time="3.901"/>
  <testcase classname="adminTests.CreateAndDeleteNewUser" name="successfullyCreateAndDeleteNewParent" time="3.082"/>
  <testcase classname="parentTests.SubmitNewApplication" name="successfullySubmitNewApplication" time="8.701"/>
  <testcase classname="parentTests.SubmitNewApplication" name="deleteApplication" time="3.914"/>
  <testcase classname="adminTests.UpdateAdminDetails" name="successfullyChangeAdminDetails" time="4.007"/>
  <testcase classname="adminTests.UpdateAdminDetails" name="successfullyChangeAdminPassword" time="2.194"/>
  <testcase classname="adminTests.UpdateAdminDetails" name="successfullyResetAdminPasswordToOriginal" time="4.923"/>
  <testcase classname="parentTests.UpdateParentDetails" name="successfullyChangeParentDetails" time="4.404"/>
  <testcase classname="parentTests.UpdateParentDetails" name="successfullyChangeParentPassword" time="2.224"/>
  <testcase classname="parentTests.UpdateParentDetails" name="successfullyResetParentPasswordToOriginal" time="5.448"/>
  <testcase classname="specialistTests.UpdateSpecialistDetails" name="successfullyChangeSpecialistDetails" time="3.992"/>
  <testcase classname="specialistTests.UpdateSpecialistDetails" name="successfullyChangeSpecialistPassword" time="2.207"/>
  <testcase classname="specialistTests.UpdateSpecialistDetails" name="successfullyResetSpecialistPasswordToOriginal" time="5.431"/>
  <testcase classname="parentTests.UploadMedicalDocumentPDF" name="successfullyUploadAndDeletePDF" time="6.315"/>
  <testcase classname="specialistTests.CreateAndDeleteNewKindergarten" name="createAndDeleteNewKindergarten" time="0.0">
    <ignored/>
  </testcase> <!-- createAndDeleteNewKindergarten -->
  <testcase classname="basetest.BaseTest" name="@AfterSuite tearDown" time="0.0">
    <ignored/>
  </testcase> <!-- @AfterSuite tearDown -->
  <testcase classname="basetest.BaseTest" name="@AfterSuite tearDown" time="0.0">
    <ignored/>
  </testcase> <!-- @AfterSuite tearDown -->
  <testcase classname="basetest.BaseTest" name="@AfterSuite tearDown" time="0.0">
    <ignored/>
  </testcase> <!-- @AfterSuite tearDown -->
  <testcase classname="basetest.BaseTest" name="@AfterSuite tearDown" time="0.0">
    <ignored/>
  </testcase> <!-- @AfterSuite tearDown -->
  <testcase classname="basetest.BaseTest" name="@AfterSuite tearDown" time="0.0">
    <ignored/>
  </testcase> <!-- @AfterSuite tearDown -->
  <testcase classname="basetest.BaseTest" name="@AfterSuite tearDown" time="0.0">
    <ignored/>
  </testcase> <!-- @AfterSuite tearDown -->
  <testcase classname="basetest.BaseTest" name="@AfterSuite tearDown" time="0.0">
    <ignored/>
  </testcase> <!-- @AfterSuite tearDown -->
  <testcase classname="login.AdminLoginLogout" name="successfulLoginAndLogout" time="0.0">
    <ignored/>
  </testcase> <!-- successfulLoginAndLogout -->
</testsuite> <!-- regression -->
