<?xml version="1.0" encoding="UTF-8"?>
<!-- Generated by org.testng.reporters.JUnitXMLReporter -->
<testsuite ignored="4" hostname="mukas-PC" failures="0" tests="4" name="smoke" time="16.173" errors="0" timestamp="2022-02-01T13:07:31 EET">
  <testcase classname="login.AdminLoginLogout" name="successfulLoginAndLogout" time="1.021"/>
  <testcase classname="smokeTests.CheckIfAdminPagesWork" name="openAndAssertAllAdminPages" time="1.268"/>
  <testcase classname="smokeTests.CheckIfKindergartenSpecialistPagesWork" name="openAndAssertAllSpecialistPages" time="1.72"/>
  <testcase classname="smokeTests.CheckIfParentPagesWork" name="openAndAssertAllParentPages" time="1.293"/>
  <testcase classname="login.AdminLoginLogout" name="unsuccessfulLogin" time="0.0">
    <ignored/>
  </testcase> <!-- unsuccessfulLogin -->
  <testcase classname="basetest.BaseTest" name="@AfterSuite tearDown" time="0.0">
    <ignored/>
  </testcase> <!-- @AfterSuite tearDown -->
  <testcase classname="basetest.BaseTest" name="@AfterSuite tearDown" time="0.0">
    <ignored/>
  </testcase> <!-- @AfterSuite tearDown -->
  <testcase classname="basetest.BaseTest" name="@AfterSuite tearDown" time="0.0">
    <ignored/>
  </testcase> <!-- @AfterSuite tearDown -->
</testsuite> <!-- smoke -->
